<?xml version="1.0" encoding="UTF-8"?>
<!-- Generated by org.testng.reporters.JUnitReportReporter -->
<testsuite hostname="DESKTOP-SS5UAV8" failures="0" tests="1" name="com.amazontests.SigninTest" time="5.199" errors="0" timestamp="2025-04-29T22:25:11 SGT" skipped="0">
  <testcase classname="com.amazontests.SigninTest" name="signin" time="5.199"/>
  <system-out/>
</testsuite> <!-- com.amazontests.SigninTest -->
