<?xml version="1.0" encoding="UTF-8"?>
<!-- Generated by org.testng.reporters.JUnitReportReporter -->
<testsuite hostname="DESKTOP-SS5UAV8" failures="0" tests="1" name="com.amazontests.HomeTest" time="0.256" errors="0" timestamp="2025-05-03T09:36:27 SGT" skipped="0">
  <testcase classname="com.amazontests.HomeTest" name="hometest" time="0.256"/>
  <system-out/>
</testsuite> <!-- com.amazontests.HomeTest -->
